Build started 11/12/2015 11:32:07.
     1>Project "C:\Users\e018719c\Downloads\BaseLandscapeProject\proj.win32\BaseLandscapeProject.vcxproj" on node 2 (Build target(s)).
     1>ClCompile:
         C:\Program Files (x86)\Microsoft Visual Studio 12.0\VC\bin\CL.exe /c /I"\cocos2d-x-3.8\cocos\audio\include" /I"\cocos2d-x-3.8\external" /I"\cocos2d-x-3.8\external\chipmunk\include\chipmunk" /I"\cocos2d-x-3.8\extensions" /I..\Classes /I.. /I"C:\cocos2d-x-3.8\cocos\2d\..\..\cocos\editor-support" /I"C:\cocos2d-x-3.8\cocos\2d\..\..\cocos" /I"C:\cocos2d-x-3.8\cocos\2d\..\..\cocos\platform" /I"C:\cocos2d-x-3.8\cocos\2d\..\..\cocos\platform\desktop" /I"C:\cocos2d-x-3.8\cocos\2d\..\..\external\glfw3\include\win32" /I"C:\cocos2d-x-3.8\cocos\2d\..\..\external\win32-specific\gles\include\OGLES" /I"C:\cocos2d-x-3.8\cocos\2d\..\..\external\freetype2\include\win32\freetype2" /I"C:\cocos2d-x-3.8\cocos\2d\..\..\external\freetype2\include\win32\\" /I"C:\cocos2d-x-3.8\cocos\2d\..\..\external" /ZI /nologo /W3 /WX- /MP /Od /Oy- /D WIN32 /D _WINDOWS /D _USE_MATH_DEFINES /D GL_GLEXT_PROTOTYPES /D CC_ENABLE_CHIPMUNK_INTEGRATION=1 /D COCOS2D_DEBUG=1 /D _CRT_SECURE_NO_WARNINGS /D _SCL_SECURE_NO_WARNINGS /D _VARIADIC_MAX=10 /D _USING_V110_SDK71_ /D _UNICODE /D UNICODE /Gm- /EHsc /RTC1 /MD /GS /fp:precise /Zc:wchar_t /Zc:forScope /Fo"Debug.win32\\" /Fd"Debug.win32\vc120.pdb" /Gd /TP /wd4267 /wd4251 /wd4244 /analyze- /errorReport:prompt ..\Classes\AppDelegate.cpp ..\Classes\GameManager.cpp ..\Classes\HelloWorldScene.cpp Ball.cpp Brick.cpp CreditsScene.cpp GameMainScene.cpp main.cpp Player.cpp PowerUp.cpp SoundManager.cpp SplashScreenScene.cpp
         AppDelegate.cpp
         GameManager.cpp
         HelloWorldScene.cpp
         Ball.cpp
         Brick.cpp
         CreditsScene.cpp
         GameMainScene.cpp
         main.cpp
         Player.cpp
     1>c:\users\e018719c\downloads\baselandscapeproject\proj.win32\brick.cpp(8): warning C4996: 'cocos2d::CCArray': was declared deprecated
                 c:\cocos2d-x-3.8\cocos\deprecated\ccdeprecated.h(1036) : see declaration of 'cocos2d::CCArray'
     1>c:\users\e018719c\downloads\baselandscapeproject\proj.win32\brick.cpp(17): warning C4101: '_bricks' : unreferenced local variable
     1>c:\users\e018719c\downloads\baselandscapeproject\proj.win32\brick.cpp(1617): warning C4996: 'cocos2d::CCSprite': was declared deprecated
                 c:\cocos2d-x-3.8\cocos\deprecated\ccdeprecated.h(680) : see declaration of 'cocos2d::CCSprite'
                 c:\cocos2d-x-3.8\cocos\deprecated\ccdeprecated.h(680) : see declaration of 'cocos2d::CCSprite'
     1>c:\users\e018719c\downloads\baselandscapeproject\proj.win32\brick.cpp(1634): warning C4996: 'cocos2d::CCSprite': was declared deprecated
                 c:\cocos2d-x-3.8\cocos\deprecated\ccdeprecated.h(680) : see declaration of 'cocos2d::CCSprite'
     1>c:\users\e018719c\downloads\baselandscapeproject\proj.win32\brick.cpp(1651): warning C4996: 'cocos2d::CCSprite': was declared deprecated
                 c:\cocos2d-x-3.8\cocos\deprecated\ccdeprecated.h(680) : see declaration of 'cocos2d::CCSprite'
     1>c:\users\e018719c\downloads\baselandscapeproject\proj.win32\brick.cpp(1668): warning C4996: 'cocos2d::CCSprite': was declared deprecated
                 c:\cocos2d-x-3.8\cocos\deprecated\ccdeprecated.h(680) : see declaration of 'cocos2d::CCSprite'
     1>c:\users\e018719c\downloads\baselandscapeproject\proj.win32\brick.cpp(1685): warning C4996: 'cocos2d::CCSprite': was declared deprecated
                 c:\cocos2d-x-3.8\cocos\deprecated\ccdeprecated.h(680) : see declaration of 'cocos2d::CCSprite'
     1>c:\users\e018719c\downloads\baselandscapeproject\proj.win32\brick.cpp(1702): warning C4996: 'cocos2d::CCSprite': was declared deprecated
                 c:\cocos2d-x-3.8\cocos\deprecated\ccdeprecated.h(680) : see declaration of 'cocos2d::CCSprite'
     1>c:\users\e018719c\downloads\baselandscapeproject\proj.win32\brick.cpp(1721): warning C4996: 'cocos2d::CCSprite': was declared deprecated
                 c:\cocos2d-x-3.8\cocos\deprecated\ccdeprecated.h(680) : see declaration of 'cocos2d::CCSprite'
     1>c:\users\e018719c\downloads\baselandscapeproject\proj.win32\brick.cpp(1738): warning C4996: 'cocos2d::CCSprite': was declared deprecated
                 c:\cocos2d-x-3.8\cocos\deprecated\ccdeprecated.h(680) : see declaration of 'cocos2d::CCSprite'
     1>c:\users\e018719c\downloads\baselandscapeproject\proj.win32\brick.cpp(1755): warning C4996: 'cocos2d::CCSprite': was declared deprecated
                 c:\cocos2d-x-3.8\cocos\deprecated\ccdeprecated.h(680) : see declaration of 'cocos2d::CCSprite'
     1>c:\users\e018719c\downloads\baselandscapeproject\proj.win32\brick.cpp(1772): warning C4996: 'cocos2d::CCSprite': was declared deprecated
                 c:\cocos2d-x-3.8\cocos\deprecated\ccdeprecated.h(680) : see declaration of 'cocos2d::CCSprite'
     1>c:\users\e018719c\downloads\baselandscapeproject\proj.win32\brick.cpp(1789): warning C4996: 'cocos2d::CCSprite': was declared deprecated
                 c:\cocos2d-x-3.8\cocos\deprecated\ccdeprecated.h(680) : see declaration of 'cocos2d::CCSprite'
     1>c:\users\e018719c\downloads\baselandscapeproject\proj.win32\brick.cpp(1806): warning C4996: 'cocos2d::CCSprite': was declared deprecated
                 c:\cocos2d-x-3.8\cocos\deprecated\ccdeprecated.h(680) : see declaration of 'cocos2d::CCSprite'
     1>c:\users\e018719c\downloads\baselandscapeproject\proj.win32\brick.cpp(1823): warning C4996: 'cocos2d::CCSprite': was declared deprecated
                 c:\cocos2d-x-3.8\cocos\deprecated\ccdeprecated.h(680) : see declaration of 'cocos2d::CCSprite'
     1>c:\users\e018719c\downloads\baselandscapeproject\proj.win32\brick.cpp(1840): warning C4996: 'cocos2d::CCSprite': was declared deprecated
                 c:\cocos2d-x-3.8\cocos\deprecated\ccdeprecated.h(680) : see declaration of 'cocos2d::CCSprite'
     1>c:\users\e018719c\downloads\baselandscapeproject\proj.win32\ball.cpp(7): warning C4996: 'cocos2d::CCArray': was declared deprecated
                 c:\cocos2d-x-3.8\cocos\deprecated\ccdeprecated.h(1036) : see declaration of 'cocos2d::CCArray'
     1>c:\users\e018719c\downloads\baselandscapeproject\proj.win32\ball.cpp(11): warning C4996: 'cocos2d::CCArray': was declared deprecated
                 c:\cocos2d-x-3.8\cocos\deprecated\ccdeprecated.h(1036) : see declaration of 'cocos2d::CCArray'
     1>c:\users\e018719c\downloads\baselandscapeproject\proj.win32\ball.cpp(30): warning C4996: 'cocos2d::CCSprite': was declared deprecated
                 c:\cocos2d-x-3.8\cocos\deprecated\ccdeprecated.h(680) : see declaration of 'cocos2d::CCSprite'
                 c:\cocos2d-x-3.8\cocos\deprecated\ccdeprecated.h(680) : see declaration of 'cocos2d::CCSprite'
     1>c:\users\e018719c\downloads\baselandscapeproject\classes\gamemainscene.h(21): warning C4996: 'cocos2d::CCArray': was declared deprecated (..\Classes\HelloWorldScene.cpp)
                 c:\cocos2d-x-3.8\cocos\deprecated\ccdeprecated.h(1036) : see declaration of 'cocos2d::CCArray'
     1>c:\users\e018719c\downloads\baselandscapeproject\proj.win32\gamemainscene.h(21): warning C4996: 'cocos2d::CCArray': was declared deprecated (GameMainScene.cpp)
                 c:\cocos2d-x-3.8\cocos\deprecated\ccdeprecated.h(1036) : see declaration of 'cocos2d::CCArray'
     1>c:\users\e018719c\downloads\baselandscapeproject\classes\appdelegate.cpp(42): warning C4305: 'argument' : truncation from 'double' to 'float'
     1>c:\users\e018719c\downloads\baselandscapeproject\classes\helloworldscene.cpp(93): warning C4305: 'argument' : truncation from 'double' to 'float'
     1>c:\users\e018719c\downloads\baselandscapeproject\classes\helloworldscene.cpp(108): warning C4305: 'argument' : truncation from 'double' to 'float'
     1>c:\users\e018719c\downloads\baselandscapeproject\proj.win32\creditsscene.cpp(58): warning C4305: 'argument' : truncation from 'double' to 'float'
     1>c:\users\e018719c\downloads\baselandscapeproject\proj.win32\gamemainscene.cpp(206): warning C4305: 'initializing' : truncation from 'double' to 'float'
     1>c:\users\e018719c\downloads\baselandscapeproject\proj.win32\gamemainscene.cpp(238): warning C4305: 'initializing' : truncation from 'double' to 'float'
     1>c:\users\e018719c\downloads\baselandscapeproject\proj.win32\gamemainscene.cpp(267): warning C4305: 'argument' : truncation from 'double' to 'float'
         PowerUp.cpp
         SoundManager.cpp
         SplashScreenScene.cpp
     1>c:\users\e018719c\downloads\baselandscapeproject\proj.win32\splashscreenscene.cpp(54): warning C4305: 'argument' : truncation from 'double' to 'float'
       ResourceCompile:
         C:\Program Files (x86)\Microsoft SDKs\Windows\v7.1A\bin\rc.exe /D _USING_V110_SDK71_ /D _UNICODE /D UNICODE /l"0x0409" /nologo /fo"Debug.win32\game.res" game.rc 
       PreLinkEvent:
         if not exist "C:\Users\e018719c\Downloads\BaseLandscapeProject\proj.win32\Debug.win32\" mkdir "C:\Users\e018719c\Downloads\BaseLandscapeProject\proj.win32\Debug.win32\"
         xcopy /Y /Q "\cocos2d-x-3.8\prebuilt\win32\*.*" "C:\Users\e018719c\Downloads\BaseLandscapeProject\proj.win32\Debug.win32\"
         
         :VCEnd
         60 File(s) copied
       Link:
         C:\Program Files (x86)\Microsoft Visual Studio 12.0\VC\bin\link.exe /ERRORREPORT:PROMPT /OUT:"C:\Users\e018719c\Downloads\BaseLandscapeProject\proj.win32\Debug.win32\BaseLandscapeProject.exe" /INCREMENTAL /NOLOGO /LIBPATH:C:\Users\e018719c\Downloads\BaseLandscapeProject\proj.win32\Debug.win32\ /LIBPATH:C:\Users\e018719c\Downloads\BaseLandscapeProject\proj.win32\Debug.win32\ opengl32.lib glew32.lib libzlib.lib libwebp.lib libiconv.lib freetype.lib winmm.lib ws2_32.lib kernel32.lib user32.lib gdi32.lib winspool.lib comdlg32.lib advapi32.lib shell32.lib ole32.lib oleaut32.lib uuid.lib odbc32.lib odbccp32.lib /MANIFEST /MANIFESTUAC:"level='asInvoker' uiAccess='false'" /manifest:embed /DEBUG /PDB:"C:\Users\e018719c\Downloads\BaseLandscapeProject\proj.win32\Debug.win32\BaseLandscapeProject.pdb" /SUBSYSTEM:WINDOWS,"5.01" /TLBID:1 /DYNAMICBASE /NXCOMPAT /IMPLIB:"C:\Users\e018719c\Downloads\BaseLandscapeProject\proj.win32\Debug.win32\BaseLandscapeProject.lib" /MACHINE:X86 /SAFESEH Debug.win32\game.res
         Debug.win32\AppDelegate.obj
         Debug.win32\GameManager.obj
         Debug.win32\HelloWorldScene.obj
         Debug.win32\Ball.obj
         Debug.win32\Brick.obj
         Debug.win32\CreditsScene.obj
         Debug.win32\GameMainScene.obj
         Debug.win32\main.obj
         Debug.win32\Player.obj
         Debug.win32\PowerUp.obj
         Debug.win32\SoundManager.obj
         Debug.win32\SplashScreenScene.obj
     1>AppDelegate.obj : warning LNK4075: ignoring '/EDITANDCONTINUE' due to '/SAFESEH' specification
            Creating library C:\Users\e018719c\Downloads\BaseLandscapeProject\proj.win32\Debug.win32\BaseLandscapeProject.lib and object C:\Users\e018719c\Downloads\BaseLandscapeProject\proj.win32\Debug.win32\BaseLandscapeProject.exp
         BaseLandscapeProject.vcxproj -> C:\Users\e018719c\Downloads\BaseLandscapeProject\proj.win32\Debug.win32\BaseLandscapeProject.exe
       CustomBuildStep:
         if not exist "C:\Users\e018719c\Downloads\BaseLandscapeProject\proj.win32\Debug.win32\" mkdir "C:\Users\e018719c\Downloads\BaseLandscapeProject\proj.win32\Debug.win32\"
         xcopy "C:\Users\e018719c\Downloads\BaseLandscapeProject\proj.win32\..\Resources" "C:\Users\e018719c\Downloads\BaseLandscapeProject\proj.win32\Debug.win32\" /D /E /I /F /Y
               
         :VCEnd
         C:\Users\e018719c\Downloads\BaseLandscapeProject\Resources\res\Amber Brick.png -> C:\Users\e018719c\Downloads\BaseLandscapeProject\proj.win32\Debug.win32\res\Amber Brick.png
         C:\Users\e018719c\Downloads\BaseLandscapeProject\Resources\res\Ball Size Up.png -> C:\Users\e018719c\Downloads\BaseLandscapeProject\proj.win32\Debug.win32\res\Ball Size Up.png
         C:\Users\e018719c\Downloads\BaseLandscapeProject\Resources\res\Ball.png -> C:\Users\e018719c\Downloads\BaseLandscapeProject\proj.win32\Debug.win32\res\Ball.png
         C:\Users\e018719c\Downloads\BaseLandscapeProject\Resources\res\Black Brick.png -> C:\Users\e018719c\Downloads\BaseLandscapeProject\proj.win32\Debug.win32\res\Black Brick.png
         C:\Users\e018719c\Downloads\BaseLandscapeProject\Resources\res\Blue Brick.png -> C:\Users\e018719c\Downloads\BaseLandscapeProject\proj.win32\Debug.win32\res\Blue Brick.png
         C:\Users\e018719c\Downloads\BaseLandscapeProject\Resources\res\Blue Grey Brick.png -> C:\Users\e018719c\Downloads\BaseLandscapeProject\proj.win32\Debug.win32\res\Blue Grey Brick.png
         C:\Users\e018719c\Downloads\BaseLandscapeProject\Resources\res\ButtonLeft.png -> C:\Users\e018719c\Downloads\BaseLandscapeProject\proj.win32\Debug.win32\res\ButtonLeft.png
         C:\Users\e018719c\Downloads\BaseLandscapeProject\Resources\res\ButtonLeftDown.png -> C:\Users\e018719c\Downloads\BaseLandscapeProject\proj.win32\Debug.win32\res\ButtonLeftDown.png
         C:\Users\e018719c\Downloads\BaseLandscapeProject\Resources\res\ButtonRight.png -> C:\Users\e018719c\Downloads\BaseLandscapeProject\proj.win32\Debug.win32\res\ButtonRight.png
         C:\Users\e018719c\Downloads\BaseLandscapeProject\Resources\res\ButtonRightDown.png -> C:\Users\e018719c\Downloads\BaseLandscapeProject\proj.win32\Debug.win32\res\ButtonRightDown.png
         C:\Users\e018719c\Downloads\BaseLandscapeProject\Resources\res\Credits.csb -> C:\Users\e018719c\Downloads\BaseLandscapeProject\proj.win32\Debug.win32\res\Credits.csb
         C:\Users\e018719c\Downloads\BaseLandscapeProject\Resources\res\credits.mp3 -> C:\Users\e018719c\Downloads\BaseLandscapeProject\proj.win32\Debug.win32\res\credits.mp3
         C:\Users\e018719c\Downloads\BaseLandscapeProject\Resources\res\CreditsButton.png -> C:\Users\e018719c\Downloads\BaseLandscapeProject\proj.win32\Debug.win32\res\CreditsButton.png
         C:\Users\e018719c\Downloads\BaseLandscapeProject\Resources\res\CreditsButtonDown.png -> C:\Users\e018719c\Downloads\BaseLandscapeProject\proj.win32\Debug.win32\res\CreditsButtonDown.png
         C:\Users\e018719c\Downloads\BaseLandscapeProject\Resources\res\CreditsScreen.png -> C:\Users\e018719c\Downloads\BaseLandscapeProject\proj.win32\Debug.win32\res\CreditsScreen.png
         C:\Users\e018719c\Downloads\BaseLandscapeProject\Resources\res\Cyan Brick.png -> C:\Users\e018719c\Downloads\BaseLandscapeProject\proj.win32\Debug.win32\res\Cyan Brick.png
         C:\Users\e018719c\Downloads\BaseLandscapeProject\Resources\res\Dakota Brick.png -> C:\Users\e018719c\Downloads\BaseLandscapeProject\proj.win32\Debug.win32\res\Dakota Brick.png
         C:\Users\e018719c\Downloads\BaseLandscapeProject\Resources\res\Extra Life.png -> C:\Users\e018719c\Downloads\BaseLandscapeProject\proj.win32\Debug.win32\res\Extra Life.png
         C:\Users\e018719c\Downloads\BaseLandscapeProject\Resources\res\FireButton.png -> C:\Users\e018719c\Downloads\BaseLandscapeProject\proj.win32\Debug.win32\res\FireButton.png
         C:\Users\e018719c\Downloads\BaseLandscapeProject\Resources\res\FireButtonDown.png -> C:\Users\e018719c\Downloads\BaseLandscapeProject\proj.win32\Debug.win32\res\FireButtonDown.png
         C:\Users\e018719c\Downloads\BaseLandscapeProject\Resources\res\GameScene.csb -> C:\Users\e018719c\Downloads\BaseLandscapeProject\proj.win32\Debug.win32\res\GameScene.csb
         C:\Users\e018719c\Downloads\BaseLandscapeProject\Resources\res\GameUI.png -> C:\Users\e018719c\Downloads\BaseLandscapeProject\proj.win32\Debug.win32\res\GameUI.png
         C:\Users\e018719c\Downloads\BaseLandscapeProject\Resources\res\GenericBG.png -> C:\Users\e018719c\Downloads\BaseLandscapeProject\proj.win32\Debug.win32\res\GenericBG.png
         C:\Users\e018719c\Downloads\BaseLandscapeProject\Resources\res\Green Brick.png -> C:\Users\e018719c\Downloads\BaseLandscapeProject\proj.win32\Debug.win32\res\Green Brick.png
         C:\Users\e018719c\Downloads\BaseLandscapeProject\Resources\res\Grey Brick.png -> C:\Users\e018719c\Downloads\BaseLandscapeProject\proj.win32\Debug.win32\res\Grey Brick.png
         C:\Users\e018719c\Downloads\BaseLandscapeProject\Resources\res\HelloWorld.png -> C:\Users\e018719c\Downloads\BaseLandscapeProject\proj.win32\Debug.win32\res\HelloWorld.png
         C:\Users\e018719c\Downloads\BaseLandscapeProject\Resources\res\level 1.plist -> C:\Users\e018719c\Downloads\BaseLandscapeProject\proj.win32\Debug.win32\res\level 1.plist
         C:\Users\e018719c\Downloads\BaseLandscapeProject\Resources\res\level 2.plist -> C:\Users\e018719c\Downloads\BaseLandscapeProject\proj.win32\Debug.win32\res\level 2.plist
         C:\Users\e018719c\Downloads\BaseLandscapeProject\Resources\res\level 3.plist -> C:\Users\e018719c\Downloads\BaseLandscapeProject\proj.win32\Debug.win32\res\level 3.plist
         C:\Users\e018719c\Downloads\BaseLandscapeProject\Resources\res\level 4.plist -> C:\Users\e018719c\Downloads\BaseLandscapeProject\proj.win32\Debug.win32\res\level 4.plist
         C:\Users\e018719c\Downloads\BaseLandscapeProject\Resources\res\level 5.plist -> C:\Users\e018719c\Downloads\BaseLandscapeProject\proj.win32\Debug.win32\res\level 5.plist
         C:\Users\e018719c\Downloads\BaseLandscapeProject\Resources\res\mainmenu.mp3 -> C:\Users\e018719c\Downloads\BaseLandscapeProject\proj.win32\Debug.win32\res\mainmenu.mp3
         C:\Users\e018719c\Downloads\BaseLandscapeProject\Resources\res\MainScene.csb -> C:\Users\e018719c\Downloads\BaseLandscapeProject\proj.win32\Debug.win32\res\MainScene.csb
         C:\Users\e018719c\Downloads\BaseLandscapeProject\Resources\res\Orange Brick.png -> C:\Users\e018719c\Downloads\BaseLandscapeProject\proj.win32\Debug.win32\res\Orange Brick.png
         C:\Users\e018719c\Downloads\BaseLandscapeProject\Resources\res\Paddle.png -> C:\Users\e018719c\Downloads\BaseLandscapeProject\proj.win32\Debug.win32\res\Paddle.png
         C:\Users\e018719c\Downloads\BaseLandscapeProject\Resources\res\PauseButton.png -> C:\Users\e018719c\Downloads\BaseLandscapeProject\proj.win32\Debug.win32\res\PauseButton.png
         C:\Users\e018719c\Downloads\BaseLandscapeProject\Resources\res\PauseButtonDown.png -> C:\Users\e018719c\Downloads\BaseLandscapeProject\proj.win32\Debug.win32\res\PauseButtonDown.png
         C:\Users\e018719c\Downloads\BaseLandscapeProject\Resources\res\Purple Brick.png -> C:\Users\e018719c\Downloads\BaseLandscapeProject\proj.win32\Debug.win32\res\Purple Brick.png
         C:\Users\e018719c\Downloads\BaseLandscapeProject\Resources\res\Red Brick.png -> C:\Users\e018719c\Downloads\BaseLandscapeProject\proj.win32\Debug.win32\res\Red Brick.png
         C:\Users\e018719c\Downloads\BaseLandscapeProject\Resources\res\SplashScreen.csb -> C:\Users\e018719c\Downloads\BaseLandscapeProject\proj.win32\Debug.win32\res\SplashScreen.csb
         C:\Users\e018719c\Downloads\BaseLandscapeProject\Resources\res\SplashScreen.png -> C:\Users\e018719c\Downloads\BaseLandscapeProject\proj.win32\Debug.win32\res\SplashScreen.png
         C:\Users\e018719c\Downloads\BaseLandscapeProject\Resources\res\StartButton.png -> C:\Users\e018719c\Downloads\BaseLandscapeProject\proj.win32\Debug.win32\res\StartButton.png
         C:\Users\e018719c\Downloads\BaseLandscapeProject\Resources\res\StartButtonDown.png -> C:\Users\e018719c\Downloads\BaseLandscapeProject\proj.win32\Debug.win32\res\StartButtonDown.png
         C:\Users\e018719c\Downloads\BaseLandscapeProject\Resources\res\Tap Tap Slide BG draft.png -> C:\Users\e018719c\Downloads\BaseLandscapeProject\proj.win32\Debug.win32\res\Tap Tap Slide BG draft.png
         C:\Users\e018719c\Downloads\BaseLandscapeProject\Resources\res\Test.png -> C:\Users\e018719c\Downloads\BaseLandscapeProject\proj.win32\Debug.win32\res\Test.png
         C:\Users\e018719c\Downloads\BaseLandscapeProject\Resources\res\Violet Brick.png -> C:\Users\e018719c\Downloads\BaseLandscapeProject\proj.win32\Debug.win32\res\Violet Brick.png
         C:\Users\e018719c\Downloads\BaseLandscapeProject\Resources\res\White Brick.png -> C:\Users\e018719c\Downloads\BaseLandscapeProject\proj.win32\Debug.win32\res\White Brick.png
         C:\Users\e018719c\Downloads\BaseLandscapeProject\Resources\res\Yellow Brick.png -> C:\Users\e018719c\Downloads\BaseLandscapeProject\proj.win32\Debug.win32\res\Yellow Brick.png
         C:\Users\e018719c\Downloads\BaseLandscapeProject\Resources\res\Default\Button_Disable.png -> C:\Users\e018719c\Downloads\BaseLandscapeProject\proj.win32\Debug.win32\res\Default\Button_Disable.png
         C:\Users\e018719c\Downloads\BaseLandscapeProject\Resources\res\Default\Button_Normal.png -> C:\Users\e018719c\Downloads\BaseLandscapeProject\proj.win32\Debug.win32\res\Default\Button_Normal.png
         C:\Users\e018719c\Downloads\BaseLandscapeProject\Resources\res\Default\Button_Press.png -> C:\Users\e018719c\Downloads\BaseLandscapeProject\proj.win32\Debug.win32\res\Default\Button_Press.png
         C:\Users\e018719c\Downloads\BaseLandscapeProject\Resources\res\Default\defaultBMFont.fnt -> C:\Users\e018719c\Downloads\BaseLandscapeProject\proj.win32\Debug.win32\res\Default\defaultBMFont.fnt
         C:\Users\e018719c\Downloads\BaseLandscapeProject\Resources\res\Default\defaultBMFont.png -> C:\Users\e018719c\Downloads\BaseLandscapeProject\proj.win32\Debug.win32\res\Default\defaultBMFont.png
         53 File(s) copied
     1>Done Building Project "C:\Users\e018719c\Downloads\BaseLandscapeProject\proj.win32\BaseLandscapeProject.vcxproj" (Build target(s)).

Build succeeded.

Time Elapsed 00:00:20.28
